{"level":"fatal","msg":"Gomplate.RunTemplates() failed with template: clencli/readme.tmpl:20:161: executing \"clencli/readme.tmpl\" at \u003c$badge.url\u003e: map has no entry for key \"url\"\n","time":"2021-02-19T15:53:32Z"}
{"level":"fatal","msg":"Gomplate.RunTemplates() failed with template: clencli/readme.tmpl:20:161: executing \"clencli/readme.tmpl\" at \u003c$badge.url\u003e: map has no entry for key \"url\"\n","time":"2021-02-19T15:55:25Z"}
{"level":"fatal","msg":"Gomplate.RunTemplates() failed with template: clencli/readme.tmpl:14:11: executing \"clencli/readme.tmpl\" at \u003cds \"db\"\u003e: error calling ds: yaml: line 45: could not find expected ':'\n","time":"2021-02-24T12:17:49Z"}
{"level":"fatal","msg":"Gomplate.RunTemplates() failed with template: clencli/readme.tmpl:14:11: executing \"clencli/readme.tmpl\" at \u003cds \"db\"\u003e: error calling ds: yaml: line 45: could not find expected ':'\n","time":"2021-02-24T12:20:33Z"}
{"level":"fatal","msg":"Gomplate.RunTemplates() failed with template: clencli/readme.tmpl:14:11: executing \"clencli/readme.tmpl\" at \u003cds \"db\"\u003e: error calling ds: yaml: line 46: could not find expected ':'\n","time":"2021-02-24T12:22:17Z"}
{"level":"fatal","msg":"Gomplate.RunTemplates() failed with template: clencli/readme.tmpl:14:11: executing \"clencli/readme.tmpl\" at \u003cds \"db\"\u003e: error calling ds: yaml: line 46: could not find expected ':'\n","time":"2021-02-24T12:23:14Z"}
{"level":"fatal","msg":"Gomplate.RunTemplates() failed with template: clencli/readme.tmpl:14:11: executing \"clencli/readme.tmpl\" at \u003cds \"db\"\u003e: error calling ds: yaml: line 46: could not find expected ':'\n","time":"2021-02-24T12:23:23Z"}
{"level":"fatal","msg":"Gomplate.RunTemplates() failed with template: clencli/readme.tmpl:14:11: executing \"clencli/readme.tmpl\" at \u003cds \"db\"\u003e: error calling ds: yaml: line 22: found character that cannot start any token\n","time":"2021-02-24T12:24:17Z"}
{"level":"fatal","msg":"Gomplate.RunTemplates() failed with template: clencli/readme.tmpl:14:11: executing \"clencli/readme.tmpl\" at \u003cds \"db\"\u003e: error calling ds: yaml: line 46: could not find expected ':'\n","time":"2021-02-24T12:25:26Z"}
{"level":"fatal","msg":"Gomplate.RunTemplates() failed with template: clencli/readme.tmpl:14:11: executing \"clencli/readme.tmpl\" at \u003cds \"db\"\u003e: error calling ds: yaml: line 46: could not find expected ':'\n","time":"2021-02-24T12:25:54Z"}
{"level":"fatal","msg":"Gomplate.RunTemplates() failed with template: clencli/readme.tmpl:14:11: executing \"clencli/readme.tmpl\" at \u003cds \"db\"\u003e: error calling ds: yaml: line 46: could not find expected ':'\n","time":"2021-02-24T12:26:09Z"}
{"level":"fatal","msg":"Gomplate.RunTemplates() failed with template: clencli/readme.tmpl:14:11: executing \"clencli/readme.tmpl\" at \u003cds \"db\"\u003e: error calling ds: yaml: line 46: could not find expected ':'\n","time":"2021-02-24T12:26:27Z"}
{"level":"fatal","msg":"Gomplate.RunTemplates() failed with template: clencli/readme.tmpl:14:11: executing \"clencli/readme.tmpl\" at \u003cds \"db\"\u003e: error calling ds: yaml: line 46: could not find expected ':'\n","time":"2021-02-24T12:26:45Z"}
{"level":"fatal","msg":"Gomplate.RunTemplates() failed with template: clencli/readme.tmpl:14:11: executing \"clencli/readme.tmpl\" at \u003cds \"db\"\u003e: error calling ds: yaml: line 47: could not find expected ':'\n","time":"2021-02-24T12:26:51Z"}
{"level":"fatal","msg":"Gomplate.RunTemplates() failed with template: clencli/readme.tmpl:14:11: executing \"clencli/readme.tmpl\" at \u003cds \"db\"\u003e: error calling ds: yaml: line 35: could not find expected ':'\n","time":"2021-02-24T12:27:07Z"}
{"level":"fatal","msg":"Gomplate.RunTemplates() failed with template: clencli/readme.tmpl:14:11: executing \"clencli/readme.tmpl\" at \u003cds \"db\"\u003e: error calling ds: yaml: line 31: could not find expected ':'\n","time":"2021-02-24T12:27:23Z"}
{"level":"error","msg":"missing database clencli/blah.yaml","time":"2021-02-24T12:52:15Z"}
{"level":"fatal","msg":"Gomplate.RunTemplates() failed with template: clencli/readme.tmpl:14:11: executing \"clencli/readme.tmpl\" at \u003cds \"db\"\u003e: error calling ds: yaml: line 74: mapping values are not allowed in this context\n","time":"2021-02-25T11:57:11Z"}
